
> react-kavia@0.1.0 start
> react-scripts start

(node:533) [DEP_WEBPACK_DEV_SERVER_ON_AFTER_SETUP_MIDDLEWARE] DeprecationWarning: 'onAfterSetupMiddleware' option is deprecated. Please use the 'setupMiddlewares' option.
(Use `node --trace-deprecation ...` to show where the warning was created)
(node:533) [DEP_WEBPACK_DEV_SERVER_ON_BEFORE_SETUP_MIDDLEWARE] DeprecationWarning: 'onBeforeSetupMiddleware' option is deprecated. Please use the 'setupMiddlewares' option.
Starting the development server...

Compiled successfully!

You can now view react-kavia in the browser.

  Local:            http://localhost:3000
  On Your Network:  http://172.17.0.2:3000

Note that the development build is not optimized.
To create a production build, use npm run build.

webpack compiled successfully
Compiling...
Failed to compile.

Module not found: Error: Can't resolve 'three' in '/home/kavia/workspace/code-generation/immersive3d-showcase-14368-14367/immersive3d_showcase/src'
WARNING in [eslint] 
src/Immersive3DShowcase.js
  Line 16:15:   'textMesh' is defined but never used                                                                                                                                                                                                                             no-unused-vars
  Line 17:9:    'animationMixers' is assigned a value but never used                                                                                                                                                                                                             no-unused-vars
  Line 20:9:    'lastScrollY' is assigned a value but never used                                                                                                                                                                                                                 no-unused-vars
  Line 142:13:  'vh' is assigned a value but never used                                                                                                                                                                                                                          no-unused-vars
  Line 184:47:  The ref value 'mountRef.current' will likely have changed by the time this effect cleanup function runs. If this ref points to a node rendered by React, copy 'mountRef.current' to a variable inside the effect, and use that variable in the cleanup function  react-hooks/exhaustive-deps

ERROR in ./src/Immersive3DShowcase.js 50:20-35
Module not found: Error: Can't resolve 'three' in '/home/kavia/workspace/code-generation/immersive3d-showcase-14368-14367/immersive3d_showcase/src'

ERROR in ./src/Immersive3DShowcase.js 51:12-63
Module not found: Error: Can't resolve 'three/examples/jsm/controls/OrbitControls' in '/home/kavia/workspace/code-generation/immersive3d-showcase-14368-14367/immersive3d_showcase/src'

webpack compiled with 2 errors and 1 warning
Compiling...
Failed to compile.

Module not found: Error: Can't resolve 'three' in '/home/kavia/workspace/code-generation/immersive3d-showcase-14368-14367/immersive3d_showcase/src'
LOG from webpack.FileSystemInfo
<w> Managed item /home/kavia/workspace/code-generation/immersive3d-showcase-14368-14367/immersive3d_showcase/node_modules/three isn't a directory or doesn't contain a package.json (see snapshot.managedPaths option)
+ 14 hidden lines

WARNING in [eslint] 
src/Immersive3DShowcase.js
  Line 16:15:   'textMesh' is defined but never used                                                                                                                                                                                                                             no-unused-vars
  Line 17:9:    'animationMixers' is assigned a value but never used                                                                                                                                                                                                             no-unused-vars
  Line 20:9:    'lastScrollY' is assigned a value but never used                                                                                                                                                                                                                 no-unused-vars
  Line 142:13:  'vh' is assigned a value but never used                                                                                                                                                                                                                          no-unused-vars
  Line 184:47:  The ref value 'mountRef.current' will likely have changed by the time this effect cleanup function runs. If this ref points to a node rendered by React, copy 'mountRef.current' to a variable inside the effect, and use that variable in the cleanup function  react-hooks/exhaustive-deps

ERROR in ./src/Immersive3DShowcase.js 50:20-35
Module not found: Error: Can't resolve 'three' in '/home/kavia/workspace/code-generation/immersive3d-showcase-14368-14367/immersive3d_showcase/src'

ERROR in ./src/Immersive3DShowcase.js 51:12-63
Module not found: Error: Can't resolve 'three/examples/jsm/controls/OrbitControls' in '/home/kavia/workspace/code-generation/immersive3d-showcase-14368-14367/immersive3d_showcase/src'

webpack compiled with 2 errors and 1 warning
Compiling...
Failed to compile.

Module not found: Error: Can't resolve 'three' in '/home/kavia/workspace/code-generation/immersive3d-showcase-14368-14367/immersive3d_showcase/src'
LOG from webpack.FileSystemInfo
<w> Managed item /home/kavia/workspace/code-generation/immersive3d-showcase-14368-14367/immersive3d_showcase/node_modules/three isn't a directory or doesn't contain a package.json (see snapshot.managedPaths option)
+ 13 hidden lines

WARNING in [eslint] 
src/Immersive3DShowcase.js
  Line 16:15:   'textMesh' is defined but never used                                                                                                                                                                                                                             no-unused-vars
  Line 17:9:    'animationMixers' is assigned a value but never used                                                                                                                                                                                                             no-unused-vars
  Line 20:9:    'lastScrollY' is assigned a value but never used                                                                                                                                                                                                                 no-unused-vars
  Line 142:13:  'vh' is assigned a value but never used                                                                                                                                                                                                                          no-unused-vars
  Line 184:47:  The ref value 'mountRef.current' will likely have changed by the time this effect cleanup function runs. If this ref points to a node rendered by React, copy 'mountRef.current' to a variable inside the effect, and use that variable in the cleanup function  react-hooks/exhaustive-deps

ERROR in ./src/Immersive3DShowcase.js 50:20-35
Module not found: Error: Can't resolve 'three' in '/home/kavia/workspace/code-generation/immersive3d-showcase-14368-14367/immersive3d_showcase/src'

ERROR in ./node_modules/three/examples/jsm/controls/OrbitControls.js 1:0-111
Module not found: Error: Can't resolve 'three' in '/home/kavia/workspace/code-generation/immersive3d-showcase-14368-14367/immersive3d_showcase/node_modules/three/examples/jsm/controls'

webpack compiled with 2 errors and 1 warning
Compiling...
Compiled with warnings.

[eslint] 
src/Immersive3DShowcase.js
  Line 16:15:   'textMesh' is defined but never used                                                                                                                                                                                                                             no-unused-vars
  Line 17:9:    'animationMixers' is assigned a value but never used                                                                                                                                                                                                             no-unused-vars
  Line 20:9:    'lastScrollY' is assigned a value but never used                                                                                                                                                                                                                 no-unused-vars
  Line 142:13:  'vh' is assigned a value but never used                                                                                                                                                                                                                          no-unused-vars
  Line 184:47:  The ref value 'mountRef.current' will likely have changed by the time this effect cleanup function runs. If this ref points to a node rendered by React, copy 'mountRef.current' to a variable inside the effect, and use that variable in the cleanup function  react-hooks/exhaustive-deps

Search for the keywords to learn more about each warning.
To ignore, add // eslint-disable-next-line to the line before.

WARNING in [eslint] 
src/Immersive3DShowcase.js
  Line 16:15:   'textMesh' is defined but never used                                                                                                                                                                                                                             no-unused-vars
  Line 17:9:    'animationMixers' is assigned a value but never used                                                                                                                                                                                                             no-unused-vars
  Line 20:9:    'lastScrollY' is assigned a value but never used                                                                                                                                                                                                                 no-unused-vars
  Line 142:13:  'vh' is assigned a value but never used                                                                                                                                                                                                                          no-unused-vars
  Line 184:47:  The ref value 'mountRef.current' will likely have changed by the time this effect cleanup function runs. If this ref points to a node rendered by React, copy 'mountRef.current' to a variable inside the effect, and use that variable in the cleanup function  react-hooks/exhaustive-deps

webpack compiled with 1 warning
Compiling...
Compiled with warnings.

[eslint] 
src/Immersive3DShowcase.js
  Line 16:15:   'textMesh' is defined but never used                                                                                                                                                                                                                             no-unused-vars
  Line 17:9:    'animationMixers' is assigned a value but never used                                                                                                                                                                                                             no-unused-vars
  Line 20:9:    'lastScrollY' is assigned a value but never used                                                                                                                                                                                                                 no-unused-vars
  Line 142:13:  'vh' is assigned a value but never used                                                                                                                                                                                                                          no-unused-vars
  Line 184:47:  The ref value 'mountRef.current' will likely have changed by the time this effect cleanup function runs. If this ref points to a node rendered by React, copy 'mountRef.current' to a variable inside the effect, and use that variable in the cleanup function  react-hooks/exhaustive-deps

Search for the keywords to learn more about each warning.
To ignore, add // eslint-disable-next-line to the line before.

WARNING in [eslint] 
src/Immersive3DShowcase.js
  Line 16:15:   'textMesh' is defined but never used                                                                                                                                                                                                                             no-unused-vars
  Line 17:9:    'animationMixers' is assigned a value but never used                                                                                                                                                                                                             no-unused-vars
  Line 20:9:    'lastScrollY' is assigned a value but never used                                                                                                                                                                                                                 no-unused-vars
  Line 142:13:  'vh' is assigned a value but never used                                                                                                                                                                                                                          no-unused-vars
  Line 184:47:  The ref value 'mountRef.current' will likely have changed by the time this effect cleanup function runs. If this ref points to a node rendered by React, copy 'mountRef.current' to a variable inside the effect, and use that variable in the cleanup function  react-hooks/exhaustive-deps

webpack compiled with 1 warning
Compiling...
Compiled with warnings.

[eslint] 
src/Immersive3DShowcase.js
  Line 16:15:   'textMesh' is defined but never used                                                                                                                                                                                                                             no-unused-vars
  Line 17:9:    'animationMixers' is assigned a value but never used                                                                                                                                                                                                             no-unused-vars
  Line 20:9:    'lastScrollY' is assigned a value but never used                                                                                                                                                                                                                 no-unused-vars
  Line 141:13:  'vh' is assigned a value but never used                                                                                                                                                                                                                          no-unused-vars
  Line 183:47:  The ref value 'mountRef.current' will likely have changed by the time this effect cleanup function runs. If this ref points to a node rendered by React, copy 'mountRef.current' to a variable inside the effect, and use that variable in the cleanup function  react-hooks/exhaustive-deps

Search for the keywords to learn more about each warning.
To ignore, add // eslint-disable-next-line to the line before.

WARNING in [eslint] 
src/Immersive3DShowcase.js
  Line 16:15:   'textMesh' is defined but never used                                                                                                                                                                                                                             no-unused-vars
  Line 17:9:    'animationMixers' is assigned a value but never used                                                                                                                                                                                                             no-unused-vars
  Line 20:9:    'lastScrollY' is assigned a value but never used                                                                                                                                                                                                                 no-unused-vars
  Line 141:13:  'vh' is assigned a value but never used                                                                                                                                                                                                                          no-unused-vars
  Line 183:47:  The ref value 'mountRef.current' will likely have changed by the time this effect cleanup function runs. If this ref points to a node rendered by React, copy 'mountRef.current' to a variable inside the effect, and use that variable in the cleanup function  react-hooks/exhaustive-deps

webpack compiled with 1 warning
